2024-06-12 19:13:03,873 INFO: Creating playlist from playlist_id: 5PBR1mC5DBV2S3NkVF4oCs [in C:\Users\dowms\spotai\app.py:251]
2024-06-12 19:13:03,880 INFO: Track name: White Dress [in C:\Users\dowms\spotai\app.py:259]
2024-06-12 19:13:03,881 INFO: Track name: January 28th [in C:\Users\dowms\spotai\app.py:259]
2024-06-12 19:13:03,881 INFO: Track name: Father Time (feat. Sampha) [in C:\Users\dowms\spotai\app.py:259]
2024-06-12 19:13:03,882 INFO: Track name: Potato Salad [in C:\Users\dowms\spotai\app.py:259]
2024-06-12 19:13:03,882 INFO: Track name: Fight the Feeling [in C:\Users\dowms\spotai\app.py:259]
2024-06-12 19:13:03,883 INFO: Track name: 90210 (feat. Kacy Hill) [in C:\Users\dowms\spotai\app.py:259]
2024-06-12 19:13:03,884 INFO: Track name: Let It Happen [in C:\Users\dowms\spotai\app.py:259]
2024-06-12 19:13:03,885 INFO: Track name: The Less I Know The Better [in C:\Users\dowms\spotai\app.py:259]
2024-06-12 19:13:03,885 INFO: Track name: Feels Like We Only Go Backwards [in C:\Users\dowms\spotai\app.py:259]
2024-06-12 19:13:03,886 INFO: Track name: Borderline [in C:\Users\dowms\spotai\app.py:259]
2024-06-12 19:13:03,886 INFO: Track name: See You Again (feat. Kali Uchis) [in C:\Users\dowms\spotai\app.py:259]
2024-06-12 19:13:03,887 INFO: Track name: Tell Your Friends [in C:\Users\dowms\spotai\app.py:259]
2024-06-12 19:13:03,887 INFO: Track name: Excuse Me [in C:\Users\dowms\spotai\app.py:259]
2024-06-12 19:13:03,888 INFO: Track name: Canal St. (feat. Bones) [in C:\Users\dowms\spotai\app.py:259]
2024-06-12 19:13:03,888 INFO: Track name: Day 'N' Nite (nightmare) [in C:\Users\dowms\spotai\app.py:259]
2024-06-12 19:13:03,889 INFO: Track name: GRAVITY (FEAT. TYLER, THE CREATOR) [in C:\Users\dowms\spotai\app.py:259]
2024-06-12 19:13:03,890 INFO: Track name: Dead Man Walking [in C:\Users\dowms\spotai\app.py:259]
2024-06-12 19:13:03,890 INFO: Track name: L$D [in C:\Users\dowms\spotai\app.py:259]
2024-06-12 19:13:03,891 INFO: Track name: Mr. Rager [in C:\Users\dowms\spotai\app.py:259]
2024-06-12 19:13:03,891 INFO: Track name: Solo Dolo (Nightmare) [in C:\Users\dowms\spotai\app.py:259]
2024-06-12 19:13:03,892 INFO: Track name: Put Your Records On [in C:\Users\dowms\spotai\app.py:259]
2024-06-12 19:13:03,892 INFO: Track name: Jukebox Joints (feat. Joe Fox & Kanye West) [in C:\Users\dowms\spotai\app.py:259]
2024-06-12 19:13:03,893 INFO: Track name: Heat Waves [in C:\Users\dowms\spotai\app.py:259]
2024-06-12 19:13:03,893 INFO: Track name: Garden Shed (feat. Estelle) [in C:\Users\dowms\spotai\app.py:259]
2024-06-12 19:13:03,893 INFO: Track name: 03’ Adolescence [in C:\Users\dowms\spotai\app.py:259]
2024-06-12 19:13:03,894 INFO: Track name: Raindrops (Insane) [with Travis Scott] [in C:\Users\dowms\spotai\app.py:259]
2024-06-12 19:13:03,894 INFO: Track name: I Wonder [in C:\Users\dowms\spotai\app.py:259]
2024-06-12 19:13:03,895 INFO: Track name: Wolves [in C:\Users\dowms\spotai\app.py:259]
2024-06-12 19:13:03,895 INFO: Track name: Ultralight Beam [in C:\Users\dowms\spotai\app.py:259]
2024-06-12 19:13:03,896 INFO: Track name: Saint Pablo [in C:\Users\dowms\spotai\app.py:259]
2024-06-12 19:13:03,896 INFO: Track name: Love Is Only a Feeling [in C:\Users\dowms\spotai\app.py:259]
2024-06-12 19:13:03,897 INFO: Track name: Back Like That [in C:\Users\dowms\spotai\app.py:259]
2024-06-12 19:13:03,897 INFO: Track name: Nikes On My Feet [in C:\Users\dowms\spotai\app.py:259]
2024-06-12 19:13:03,898 INFO: Track name: After Hours [in C:\Users\dowms\spotai\app.py:259]
2024-06-12 19:13:03,899 INFO: Track name: Call Out My Name [in C:\Users\dowms\spotai\app.py:259]
2024-06-12 19:13:03,899 INFO: Track name: Can't Feel My Face [in C:\Users\dowms\spotai\app.py:259]
2024-06-12 19:13:03,899 INFO: Track name: 505 [in C:\Users\dowms\spotai\app.py:259]
2024-06-12 19:13:03,900 INFO: Track name: STOP TRYING TO BE GOD [in C:\Users\dowms\spotai\app.py:259]
2024-06-12 19:13:03,901 INFO: Track name: Alive (Nightmare) [in C:\Users\dowms\spotai\app.py:259]
2024-06-12 19:13:03,901 INFO: Track name: Space Ghost Coast To Coast [in C:\Users\dowms\spotai\app.py:259]
2024-06-12 19:13:03,902 INFO: Track name: Gooey [in C:\Users\dowms\spotai\app.py:259]
2024-06-12 19:13:03,902 INFO: Track name: Poplar St [in C:\Users\dowms\spotai\app.py:259]
2024-06-12 19:13:03,903 INFO: Track name: Black Mambo [in C:\Users\dowms\spotai\app.py:259]
2024-06-12 19:13:03,904 INFO: Track name: Cocoa Hooves [in C:\Users\dowms\spotai\app.py:259]
2024-06-12 19:13:03,904 INFO: Track name: Flip [in C:\Users\dowms\spotai\app.py:259]
2024-06-12 19:13:03,905 INFO: Track name: JDNT [in C:\Users\dowms\spotai\app.py:259]
2024-06-12 19:13:03,905 INFO: Track name: Overdue (with Travis Scott) [in C:\Users\dowms\spotai\app.py:259]
2024-06-12 19:13:03,906 INFO: Track name: Designer Snakes [in C:\Users\dowms\spotai\app.py:259]
2024-06-12 19:13:03,907 INFO: Track name: Dreamland [in C:\Users\dowms\spotai\app.py:259]
2024-06-12 19:13:03,907 INFO: Track name: You (feat. Travis Scott) [in C:\Users\dowms\spotai\app.py:259]
2024-06-12 19:13:03,907 INFO: Track name: Mutombo [in C:\Users\dowms\spotai\app.py:259]
2024-06-12 19:13:03,908 INFO: Track name: COFFEE BEAN [in C:\Users\dowms\spotai\app.py:259]
2024-06-12 19:13:03,909 INFO: Track name: SKELETONS [in C:\Users\dowms\spotai\app.py:259]
2024-06-12 19:13:03,909 INFO: Track name: 2AM [in C:\Users\dowms\spotai\app.py:259]
2024-06-12 19:13:03,910 INFO: Track name: Drugs N Hella Melodies (feat. Kali Uchis) [in C:\Users\dowms\spotai\app.py:259]
2024-06-12 19:13:03,910 INFO: Track name: Sandman [in C:\Users\dowms\spotai\app.py:259]
2024-06-12 19:13:03,910 INFO: Track name: R.I.P. SCREW [in C:\Users\dowms\spotai\app.py:259]
2024-06-12 19:13:03,911 INFO: Track name: vice city [in C:\Users\dowms\spotai\app.py:259]
2024-06-12 19:13:03,911 INFO: Track name: Mama's Gun [in C:\Users\dowms\spotai\app.py:259]
2024-06-12 19:13:03,912 INFO: Track name: MIDDLE OF THE NIGHT [in C:\Users\dowms\spotai\app.py:259]
2024-06-12 19:13:03,912 INFO: Track name: Die For You [in C:\Users\dowms\spotai\app.py:259]
2024-06-12 19:13:03,912 INFO: Track name: Low Life (feat. The Weeknd) [in C:\Users\dowms\spotai\app.py:259]
2024-06-12 19:13:03,913 INFO: Track name: I Feel It Coming [in C:\Users\dowms\spotai\app.py:259]
2024-06-12 19:13:03,914 INFO: Track name: Starboy [in C:\Users\dowms\spotai\app.py:259]
2024-06-12 19:13:03,914 INFO: Track name: What You Need [in C:\Users\dowms\spotai\app.py:259]
2024-06-12 19:13:03,914 INFO: Track name: Western Medicine [in C:\Users\dowms\spotai\app.py:259]
2024-06-12 19:13:03,915 INFO: Track name: THIS CRIPPLING YOUTH [in C:\Users\dowms\spotai\app.py:259]
2024-06-12 19:13:03,915 INFO: Track name: Breathe Deeper [in C:\Users\dowms\spotai\app.py:259]
2024-06-12 19:13:03,916 INFO: Track name: Lost In Yesterday [in C:\Users\dowms\spotai\app.py:259]
2024-06-12 19:13:03,917 INFO: Track name: Chanel [in C:\Users\dowms\spotai\app.py:259]
2024-06-12 19:13:03,917 INFO: Track name: Nights [in C:\Users\dowms\spotai\app.py:259]
2024-06-12 19:13:03,918 INFO: Track name: Lost In The World [in C:\Users\dowms\spotai\app.py:259]
2024-06-12 19:13:03,919 INFO: Track name: Runaway [in C:\Users\dowms\spotai\app.py:259]
2024-06-12 19:13:03,919 INFO: Track name: Can't Take My Eyes off You [in C:\Users\dowms\spotai\app.py:259]
2024-06-12 19:13:03,920 INFO: Track name: Beach House [in C:\Users\dowms\spotai\app.py:259]
2024-06-12 19:13:03,921 INFO: Track name: Indian Summer [in C:\Users\dowms\spotai\app.py:259]
2024-06-12 19:13:03,921 INFO: Track name: Grow [in C:\Users\dowms\spotai\app.py:259]
2024-06-12 19:13:03,921 INFO: Track name: After Dark [in C:\Users\dowms\spotai\app.py:259]
2024-06-12 19:13:03,922 INFO: Track name: WAIT FOR U (feat. Drake & Tems) [in C:\Users\dowms\spotai\app.py:259]
2024-06-12 19:13:03,922 INFO: Track name: Diablo [in C:\Users\dowms\spotai\app.py:259]
2024-06-12 19:13:03,923 INFO: Track name: Me and Your Mama [in C:\Users\dowms\spotai\app.py:259]
2024-06-12 19:13:03,923 INFO: Track name: Redbone [in C:\Users\dowms\spotai\app.py:259]
2024-06-12 19:13:03,924 INFO: Track name: Sweater Weather [in C:\Users\dowms\spotai\app.py:259]
2024-06-12 19:13:03,924 INFO: Track name: Spaceship [in C:\Users\dowms\spotai\app.py:259]
2024-06-12 19:13:03,925 INFO: Track name: Exxus [in C:\Users\dowms\spotai\app.py:259]
2024-06-12 19:13:03,926 INFO: Track name: Space Song [in C:\Users\dowms\spotai\app.py:259]
2024-06-12 19:13:03,926 INFO: Track name: Let Go [in C:\Users\dowms\spotai\app.py:259]
2024-06-12 19:13:03,927 INFO: Track name: Thoughts from a Balcony [in C:\Users\dowms\spotai\app.py:259]
2024-06-12 19:13:03,928 INFO: Track name: New Faces v2 (feat. Earl Sweatshirt and Da$h) [in C:\Users\dowms\spotai\app.py:259]
2024-06-12 19:13:03,928 INFO: Track name: Soundtrack 2 My Life [in C:\Users\dowms\spotai\app.py:259]
2024-06-12 19:13:03,929 INFO: Track name: Forrest Gump [in C:\Users\dowms\spotai\app.py:259]
2024-06-12 19:13:03,929 INFO: Track name: Lost [in C:\Users\dowms\spotai\app.py:259]
2024-06-12 19:13:03,929 INFO: Track name: dirty laundry [in C:\Users\dowms\spotai\app.py:259]
2024-06-12 19:13:03,930 INFO: Track name: Wave [in C:\Users\dowms\spotai\app.py:259]
2024-06-12 19:13:03,930 INFO: Track name: Powerful (feat. Ellie Goulding & Tarrus Riley) [in C:\Users\dowms\spotai\app.py:259]
2024-06-12 19:13:03,931 INFO: Track name: Where Is My Mind? - 2007 Remaster [in C:\Users\dowms\spotai\app.py:259]
2024-06-12 19:13:03,931 INFO: Track name: Sweet Life [in C:\Users\dowms\spotai\app.py:259]
2024-06-12 19:13:03,932 INFO: Track name: Pink Matter [in C:\Users\dowms\spotai\app.py:259]
2024-06-12 19:13:03,932 INFO: Track name: Blue World [in C:\Users\dowms\spotai\app.py:259]
2024-06-12 19:13:03,933 INFO: Track name: Cinema [in C:\Users\dowms\spotai\app.py:259]
2024-06-12 19:13:03,933 INFO: Track name: Apocalypse [in C:\Users\dowms\spotai\app.py:259]
2024-06-12 19:13:03,934 INFO: Track name: Rocketeer [in C:\Users\dowms\spotai\app.py:259]
2024-06-12 19:13:03,934 INFO: Track name: Can I Call You Tonight? [in C:\Users\dowms\spotai\app.py:259]
2024-06-12 19:13:03,935 INFO: Track name: On Track [in C:\Users\dowms\spotai\app.py:259]
2024-06-12 19:13:03,935 INFO: Track name: Super Rich Kids [in C:\Users\dowms\spotai\app.py:259]
2024-06-12 19:13:03,936 INFO: Track name: Self Control [in C:\Users\dowms\spotai\app.py:259]
2024-06-12 19:13:03,936 INFO: Track name: King Wizard [in C:\Users\dowms\spotai\app.py:259]
2024-06-12 19:13:03,936 INFO: Track name: Bitch, Don’t Kill My Vibe [in C:\Users\dowms\spotai\app.py:259]
2024-06-12 19:13:03,936 INFO: Track name: Poetic Justice [in C:\Users\dowms\spotai\app.py:259]
2024-06-12 19:13:03,938 INFO: Track name: Erase Me - Main [in C:\Users\dowms\spotai\app.py:259]
2024-06-12 19:13:03,939 INFO: Track name: BEST INTEREST [in C:\Users\dowms\spotai\app.py:259]
2024-06-12 19:13:03,939 INFO: Track name: All The Stars (with SZA) [in C:\Users\dowms\spotai\app.py:259]
2024-06-12 19:13:03,940 INFO: Track name: Location [in C:\Users\dowms\spotai\app.py:259]
2024-06-12 19:13:03,940 INFO: Track name: Young Dumb & Broke [in C:\Users\dowms\spotai\app.py:259]
2024-06-12 19:13:03,941 INFO: Track name: Shot Down [in C:\Users\dowms\spotai\app.py:259]
2024-06-12 19:13:03,941 INFO: Track name: Lemon Haze [in C:\Users\dowms\spotai\app.py:259]
2024-06-12 19:13:03,942 INFO: Track name: Cocoa Butter Kisses [in C:\Users\dowms\spotai\app.py:259]
2024-06-12 19:13:03,942 INFO: Track name: Juke Jam (feat. Justin Bieber & Towkio) [in C:\Users\dowms\spotai\app.py:259]
2024-06-12 19:13:03,943 INFO: Track name: Scott Mescudi Vs. The World [in C:\Users\dowms\spotai\app.py:259]
2024-06-12 19:13:03,944 INFO: Track name: EARFQUAKE [in C:\Users\dowms\spotai\app.py:259]
2024-06-12 19:13:03,944 INFO: Track name: Love Yourz [in C:\Users\dowms\spotai\app.py:259]
2024-06-12 19:13:03,945 INFO: Track name: Dark Fantasy [in C:\Users\dowms\spotai\app.py:259]
2024-06-12 19:13:03,945 INFO: Track name: Devil In A New Dress [in C:\Users\dowms\spotai\app.py:259]
2024-06-12 19:13:03,946 INFO: Track name: Bound 2 [in C:\Users\dowms\spotai\app.py:259]
2024-06-12 19:13:03,946 INFO: Track name: Flashing Lights [in C:\Users\dowms\spotai\app.py:259]
2024-06-12 19:13:03,948 INFO: Track name: By Design [in C:\Users\dowms\spotai\app.py:259]
2024-06-12 19:13:03,948 INFO: Track name: Big Brother [in C:\Users\dowms\spotai\app.py:259]
2024-06-12 19:13:03,949 INFO: Track name: My Kind of Woman [in C:\Users\dowms\spotai\app.py:259]
2024-06-12 19:13:03,949 INFO: Track name: Freaking Out the Neighborhood [in C:\Users\dowms\spotai\app.py:259]
2024-06-12 19:13:03,949 INFO: Track name: Chamber Of Reflection [in C:\Users\dowms\spotai\app.py:259]
2024-06-12 19:13:03,950 INFO: Track name: Innocence (feat AlunaGeorge) [in C:\Users\dowms\spotai\app.py:259]
2024-06-12 19:13:03,951 INFO: Track name: Nightcrawler (feat. Swae Lee & Chief Keef) [in C:\Users\dowms\spotai\app.py:259]
2024-06-12 19:13:03,951 INFO: Track name: 5X [in C:\Users\dowms\spotai\app.py:259]
2024-06-12 19:13:03,951 INFO: Track name: Swangin’ On Westheimer [in C:\Users\dowms\spotai\app.py:259]
2024-06-12 19:13:03,952 INFO: Track name: n.y.e. [in C:\Users\dowms\spotai\app.py:259]
2024-06-12 19:13:03,952 INFO: Track name: Novacane [in C:\Users\dowms\spotai\app.py:259]
2024-06-12 19:13:03,953 INFO: Track name: I Was Never There [in C:\Users\dowms\spotai\app.py:259]
2024-06-12 19:13:03,954 INFO: Track name: III. Telegraph Ave. ("Oakland" by Lloyd) [in C:\Users\dowms\spotai\app.py:259]
2024-06-12 19:13:03,954 INFO: Track name: Resonance [in C:\Users\dowms\spotai\app.py:259]
2024-06-12 19:13:03,955 INFO: Track name: Do Ya Like x Resonance [in C:\Users\dowms\spotai\app.py:259]
2024-06-12 19:13:03,955 INFO: Track name: Homage [in C:\Users\dowms\spotai\app.py:259]
2024-06-12 19:13:03,956 INFO: Track name: The Percocet & Stripper Joint [in C:\Users\dowms\spotai\app.py:259]
2024-06-12 19:13:03,956 INFO: Track name: I spoke to the devil in miami, he said everything would be fine [in C:\Users\dowms\spotai\app.py:259]
2024-06-12 19:13:03,956 INFO: Track name: 4:44 [in C:\Users\dowms\spotai\app.py:259]
2024-06-12 19:13:03,957 INFO: Track name: Lost in the Fire (feat. The Weeknd) [in C:\Users\dowms\spotai\app.py:259]
2024-06-12 19:13:03,957 INFO: Track name: infinity (888) - feat. Joey Bada$$ [in C:\Users\dowms\spotai\app.py:259]
2024-06-12 19:13:03,958 INFO: Track name: Maria I'm Drunk (feat. Justin Bieber & Young Thug) [in C:\Users\dowms\spotai\app.py:259]
2024-06-12 19:13:03,958 INFO: Track name: Moth To A Flame (with The Weeknd) [in C:\Users\dowms\spotai\app.py:259]
2024-06-12 19:13:03,959 INFO: Track name: Can't Feel My Legs - CHOPNOTSLOP REMIX [in C:\Users\dowms\spotai\app.py:259]
2024-06-12 19:13:03,959 INFO: Invalid track: {'added_at': '2023-02-21T00:09:42Z', 'added_by': {'external_urls': {'spotify': 'https://open.spotify.com/user/xt6to73cb6mbi9d9l1uv0yvzg'}, 'href': 'https://api.spotify.com/v1/users/xt6to73cb6mbi9d9l1uv0yvzg', 'id': 'xt6to73cb6mbi9d9l1uv0yvzg', 'type': 'user', 'uri': 'spotify:user:xt6to73cb6mbi9d9l1uv0yvzg'}, 'is_local': False, 'primary_color': None, 'track': None, 'video_thumbnail': {'url': None}} [in C:\Users\dowms\spotai\app.py:261]
2024-06-12 19:13:03,960 INFO: Track name: One Time (with Don Toliver feat. Future) [in C:\Users\dowms\spotai\app.py:259]
2024-06-12 19:13:03,961 INFO: Track name: In My Head [in C:\Users\dowms\spotai\app.py:259]
2024-06-12 19:13:03,961 INFO: Track name: Vas [in C:\Users\dowms\spotai\app.py:259]
2024-06-12 19:13:03,962 INFO: Track name: Shut up My Moms Calling [in C:\Users\dowms\spotai\app.py:259]
2024-06-12 19:13:03,962 INFO: Track name: Mary [in C:\Users\dowms\spotai\app.py:259]
2024-06-12 19:13:03,963 INFO: Track name: After The Storm (feat. Tyler, The Creator & Bootsy Collins) [in C:\Users\dowms\spotai\app.py:259]
2024-06-12 19:13:03,963 INFO: Track name: She [in C:\Users\dowms\spotai\app.py:259]
2024-06-12 19:13:03,963 INFO: Track name: Hell N Back [in C:\Users\dowms\spotai\app.py:259]
2024-06-12 19:13:03,965 INFO: Track name: Crew (feat. Brent Faiyaz & Shy Glizzy) [in C:\Users\dowms\spotai\app.py:259]
2024-06-12 19:13:03,965 INFO: Track name: Hot Rod [in C:\Users\dowms\spotai\app.py:259]
2024-06-12 19:13:03,966 INFO: Track name: Let Her Go (feat. James Blake) [in C:\Users\dowms\spotai\app.py:259]
2024-06-12 19:13:03,967 INFO: Track name: Go Down (feat. TisaKorean) [in C:\Users\dowms\spotai\app.py:259]
2024-06-12 19:13:03,967 INFO: Track name: Time Heals All [in C:\Users\dowms\spotai\app.py:259]
2024-06-12 19:13:03,968 INFO: Track name: Slow Motion (feat. Wizkid) [in C:\Users\dowms\spotai\app.py:259]
2024-06-12 19:13:03,969 INFO: Track name: If I Had (feat. Charlie Wilson) [in C:\Users\dowms\spotai\app.py:259]
2024-06-12 19:13:03,969 INFO: Track name: Company Pt. 3 [in C:\Users\dowms\spotai\app.py:259]
2024-06-12 19:13:03,970 INFO: Track name: Euphoria (feat. Travis Scott & Kaash Paige) [in C:\Users\dowms\spotai\app.py:259]
2024-06-12 19:13:03,970 INFO: Track name: Company [in C:\Users\dowms\spotai\app.py:259]
2024-06-12 19:13:03,971 INFO: Track name: XSCAPE [in C:\Users\dowms\spotai\app.py:259]
2024-06-12 19:13:03,971 INFO: Track name: Double Standards [in C:\Users\dowms\spotai\app.py:259]
2024-06-12 19:13:03,971 INFO: Track name: Lover Is a Day [in C:\Users\dowms\spotai\app.py:259]
2024-06-12 19:13:03,972 INFO: Track name: Silver Soul [in C:\Users\dowms\spotai\app.py:259]
2024-06-12 19:13:03,972 INFO: Track name: Wurli [in C:\Users\dowms\spotai\app.py:259]
2024-06-12 19:13:03,972 INFO: Track name: Better [in C:\Users\dowms\spotai\app.py:259]
2024-06-12 19:13:03,973 INFO: Track name: Escape From LA [in C:\Users\dowms\spotai\app.py:259]
2024-06-12 19:13:03,973 INFO: Track name: Infatuation [in C:\Users\dowms\spotai\app.py:259]
2024-06-12 19:13:03,974 INFO: Track name: Diamonds Dancing [in C:\Users\dowms\spotai\app.py:259]
2024-06-12 19:13:03,974 INFO: Track name: Telescope [in C:\Users\dowms\spotai\app.py:259]
2024-06-12 19:13:03,975 INFO: Track name: SWEET / I THOUGHT YOU WANTED TO DANCE (feat. Brent Faiyaz & Fana Hues) [in C:\Users\dowms\spotai\app.py:259]
2024-06-12 19:13:03,975 INFO: Track name: GONE, GONE / THANK YOU [in C:\Users\dowms\spotai\app.py:259]
2024-06-12 19:13:03,976 INFO: Track name: Reflections [in C:\Users\dowms\spotai\app.py:259]
2024-06-12 19:13:03,976 INFO: Track name: Options [in C:\Users\dowms\spotai\app.py:259]
2024-06-12 19:13:03,976 INFO: Track name: Life Happens [in C:\Users\dowms\spotai\app.py:259]
2024-06-12 19:13:03,977 INFO: Track name: Waiting Too Long [in C:\Users\dowms\spotai\app.py:259]
2024-06-12 19:13:03,977 INFO: Track name: Trust Nobody [in C:\Users\dowms\spotai\app.py:259]
2024-06-12 19:13:03,978 INFO: Track name: Devil Eyes [in C:\Users\dowms\spotai\app.py:259]
2024-06-12 19:13:03,978 INFO: Track name: Wrong Time [in C:\Users\dowms\spotai\app.py:259]
2024-06-12 19:13:03,979 INFO: Track name: U Are My High (with Future) [in C:\Users\dowms\spotai\app.py:259]
2024-06-12 19:13:03,979 INFO: Track name: 3005 [in C:\Users\dowms\spotai\app.py:259]
2024-06-12 19:13:03,980 INFO: Track name: Stevie Doesn't Wonder [in C:\Users\dowms\spotai\app.py:259]
2024-06-12 19:13:03,980 INFO: Track name: Show Me [in C:\Users\dowms\spotai\app.py:259]
2024-06-12 19:13:03,981 INFO: Track name: The A [in C:\Users\dowms\spotai\app.py:259]
2024-06-12 19:13:03,982 INFO: Track name: YKWIM? [in C:\Users\dowms\spotai\app.py:259]
2024-06-12 19:13:03,982 INFO: Track name: SLOW DANCING IN THE DARK [in C:\Users\dowms\spotai\app.py:259]
2024-06-12 19:13:03,983 INFO: Track name: Two Tens (feat. Anderson .Paak) [in C:\Users\dowms\spotai\app.py:259]
2024-06-12 19:13:03,984 INFO: Track name: I Feel Like I'm Drowning [in C:\Users\dowms\spotai\app.py:259]
2024-06-12 19:13:03,984 INFO: Track name: Go Fuck Yourself [in C:\Users\dowms\spotai\app.py:259]
2024-06-12 19:13:03,985 INFO: Track name: Sugar (feat. Francesco Yates) [in C:\Users\dowms\spotai\app.py:259]
2024-06-12 19:13:03,985 INFO: Track name: Rapp Snitch Knishes feat. Mr. Fantastik [in C:\Users\dowms\spotai\app.py:259]
2024-06-12 19:13:03,986 INFO: Track name: sdp (Extended Version) [interlude] [in C:\Users\dowms\spotai\app.py:259]
2024-06-12 19:13:03,986 INFO: Track name: Heat Waves [in C:\Users\dowms\spotai\app.py:259]
2024-06-12 19:13:03,987 INFO: Track name: Space Ghost Coast To Coast [in C:\Users\dowms\spotai\app.py:259]
2024-06-12 19:13:03,987 INFO: Track name: Givin’ Up (Not The One) (Don Toliver & 21 Savage, 2 Chainz) [in C:\Users\dowms\spotai\app.py:259]
2024-06-12 19:13:03,988 INFO: Track name: Link Up (Metro Boomin & Don Toliver, Wizkid feat. BEAM & Toian) - Spider-Verse Remix (Spider-Man: Across the Spider-Verse ) [in C:\Users\dowms\spotai\app.py:259]
2024-06-12 19:13:03,989 INFO: Track name: Home (Metro Boomin & Don Toliver, Lil Uzi Vert) [in C:\Users\dowms\spotai\app.py:259]
2024-06-12 19:13:03,989 INFO: Track name: Annihilate (Spider-Man: Across the Spider-Verse) (Metro Boomin & Swae Lee, Lil Wayne, Offset) [in C:\Users\dowms\spotai\app.py:259]
2024-06-12 19:13:03,989 INFO: Track name: Am I Dreaming (Metro Boomin & A$AP Rocky, Roisee) [in C:\Users\dowms\spotai\app.py:259]
2024-06-12 19:13:03,990 INFO: Track name: Dreams, Fairytales, Fantasies (feat. Brent Faiyaz & Salaam Remi) [in C:\Users\dowms\spotai\app.py:259]
2024-06-12 19:13:03,990 INFO: Track name: Love Lost [in C:\Users\dowms\spotai\app.py:259]
2024-06-12 19:13:03,991 INFO: Track name: I Love Life, Thank You [in C:\Users\dowms\spotai\app.py:259]
2024-06-12 19:13:03,991 INFO: Track name: Dancin (feat. Luvli) - Krono Remix [in C:\Users\dowms\spotai\app.py:259]
2024-06-12 19:13:03,992 INFO: Track name: I Feel Like I'm Drowning [in C:\Users\dowms\spotai\app.py:259]
2024-06-12 19:13:03,992 INFO: Track name: Company Pt 2 [in C:\Users\dowms\spotai\app.py:259]
2024-06-12 19:13:03,993 INFO: Track name: Honeymoon [in C:\Users\dowms\spotai\app.py:259]
2024-06-12 19:13:03,994 INFO: Track name: The Other Side Of Paradise [in C:\Users\dowms\spotai\app.py:259]
2024-06-12 19:13:03,994 INFO: Track name: Take A Slice [in C:\Users\dowms\spotai\app.py:259]
2024-06-12 19:13:03,995 INFO: Track name: Tokyo Drifting [in C:\Users\dowms\spotai\app.py:259]
2024-06-12 19:13:03,995 INFO: Track name: WAKE UP [in C:\Users\dowms\spotai\app.py:259]
2024-06-12 19:13:03,996 INFO: Track name: Neva End [in C:\Users\dowms\spotai\app.py:259]
2024-06-12 19:13:03,996 INFO: Track name: Dreamin Of The Past (feat. Kanye West) [in C:\Users\dowms\spotai\app.py:259]
2024-06-12 19:13:03,997 INFO: Track name: ESCAPE YOUR LOVE (feat. Trippie Redd) [in C:\Users\dowms\spotai\app.py:259]
2024-06-12 19:13:03,997 INFO: Track name: Rose Golden [in C:\Users\dowms\spotai\app.py:259]
2024-06-12 19:13:03,997 INFO: Track name: She Knows This [in C:\Users\dowms\spotai\app.py:259]
2024-06-12 19:13:03,998 INFO: Track name: Enter Galactic (Love Connection Part I) [in C:\Users\dowms\spotai\app.py:259]
2024-06-12 19:13:03,998 INFO: Track name: Waves [in C:\Users\dowms\spotai\app.py:259]
2024-06-12 19:13:03,999 INFO: Track name: Sky Walker (feat. Travis Scott) [in C:\Users\dowms\spotai\app.py:259]
2024-06-12 19:13:03,999 INFO: Track name: I. The Worst Guys [in C:\Users\dowms\spotai\app.py:259]
2024-06-12 19:13:03,999 INFO: Track name: HIDDEN VOICES [in C:\Users\dowms\spotai\app.py:259]
2024-06-12 19:13:04,000 INFO: Track name: Head High [in C:\Users\dowms\spotai\app.py:259]
2024-06-12 19:13:04,000 INFO: Track name: Silk [in C:\Users\dowms\spotai\app.py:259]
2024-06-12 19:13:04,001 INFO: Track name: Little Dark Age [in C:\Users\dowms\spotai\app.py:259]
2024-06-12 19:13:04,001 INFO: Track name: Let Go [in C:\Users\dowms\spotai\app.py:259]
2024-06-12 19:13:04,002 INFO: Track name: Time [in C:\Users\dowms\spotai\app.py:259]
2024-06-12 19:13:04,002 INFO: Track name: Tongue [in C:\Users\dowms\spotai\app.py:259]
2024-06-12 19:13:04,003 INFO: Track name: MY EYES [in C:\Users\dowms\spotai\app.py:259]
2024-06-12 19:13:04,003 INFO: Track name: TELEKINESIS (feat. SZA & Future) [in C:\Users\dowms\spotai\app.py:259]
2024-06-12 19:13:04,004 INFO: Track name: I KNOW ? [in C:\Users\dowms\spotai\app.py:259]
2024-06-12 19:13:04,004 INFO: Track name: Ghost Town [in C:\Users\dowms\spotai\app.py:259]
2024-06-12 19:13:04,004 INFO: Track name: Violent Crimes [in C:\Users\dowms\spotai\app.py:259]
2024-06-12 19:13:04,005 INFO: Track name: Trill Mode [in C:\Users\dowms\spotai\app.py:259]
2024-06-12 19:13:04,005 INFO: Track name: In The Night [in C:\Users\dowms\spotai\app.py:259]
2024-06-12 19:13:04,006 INFO: Track name: Moon [in C:\Users\dowms\spotai\app.py:259]
2024-06-12 19:13:04,006 INFO: Track name: Life Of The Party (with André 3000) [in C:\Users\dowms\spotai\app.py:259]
2024-06-12 19:13:04,007 INFO: Skipping Invalid track: {'added_at': '2023-02-21T00:09:42Z', 'added_by': {'external_urls': {'spotify': 'https://open.spotify.com/user/xt6to73cb6mbi9d9l1uv0yvzg'}, 'href': 'https://api.spotify.com/v1/users/xt6to73cb6mbi9d9l1uv0yvzg', 'id': 'xt6to73cb6mbi9d9l1uv0yvzg', 'type': 'user', 'uri': 'spotify:user:xt6to73cb6mbi9d9l1uv0yvzg'}, 'is_local': False, 'primary_color': None, 'track': None, 'video_thumbnail': {'url': None}} [in C:\Users\dowms\spotai\app.py:268]
